<?xml version="1.0" encoding="UTF-8"?>
<testng-results skipped="0" failed="0" ignored="0" total="1" passed="1">
  <reporter-output>
  </reporter-output>
  <suite name="Command line suite" duration-ms="8192" started-at="2018-12-14T03:28:56Z" finished-at="2018-12-14T03:29:04Z">
    <groups>
    </groups>
    <test name="Command line test" duration-ms="8192" started-at="2018-12-14T03:28:56Z" finished-at="2018-12-14T03:29:04Z">
      <class name="TestNgsessions.TestNGbBasic">
        <test-method status="PASS" signature="setUp()[pri:0, instance:TestNgsessions.TestNGbBasic@3fb6a447]" name="setUp" is-config="true" duration-ms="6066" started-at="2018-12-13T22:28:56Z" finished-at="2018-12-13T22:29:02Z">
          <reporter-output>
          </reporter-output>
        </test-method> <!-- setUp -->
        <test-method status="PASS" signature="verifyPageTitleTest()[pri:0, instance:TestNgsessions.TestNGbBasic@3fb6a447]" name="verifyPageTitleTest" duration-ms="8" started-at="2018-12-13T22:29:02Z" finished-at="2018-12-13T22:29:02Z">
          <reporter-output>
          </reporter-output>
        </test-method> <!-- verifyPageTitleTest -->
        <test-method status="PASS" signature="tearDown()[pri:0, instance:TestNgsessions.TestNGbBasic@3fb6a447]" name="tearDown" is-config="true" duration-ms="2070" started-at="2018-12-13T22:29:02Z" finished-at="2018-12-13T22:29:04Z">
          <reporter-output>
          </reporter-output>
        </test-method> <!-- tearDown -->
      </class> <!-- TestNgsessions.TestNGbBasic -->
    </test> <!-- Command line test -->
  </suite> <!-- Command line suite -->
</testng-results>
